<?xml version="1.0" encoding="UTF-8"?>
<beans xmlns="http://www.springframework.org/schema/beans"
	xmlns:xsi="http://www.w3.org/2001/XMLSchema-instance"
	xmlns:c="http://www.springframework.org/schema/c"
	xmlns:p="http://www.springframework.org/schema/p"
	xmlns:context="http://www.springframework.org/schema/context"
	xmlns:task="http://www.springframework.org/schema/task"
	xmlns:tx="http://www.springframework.org/schema/tx"
	xsi:schemaLocation="http://www.springframework.org/schema/task http://www.springframework.org/schema/task/spring-task-4.1.xsd
		http://www.springframework.org/schema/beans http://www.springframework.org/schema/beans/spring-beans.xsd
		http://www.springframework.org/schema/context http://www.springframework.org/schema/context/spring-context-4.1.xsd
		http://www.springframework.org/schema/tx http://www.springframework.org/schema/tx/spring-tx-4.1.xsd">

	<context:property-placeholder location="classpath:database.properties" />
	<task:annotation-driven />

	<bean id="objectStore" class="com.nullgeodesic.objectstore.ObjectStoreFactory"
		factory-method="memory" />
	<bean id="serializer" class="org.garred.skeleton.infrastructure.SerializerFactory"
		factory-method="infrastructureSerializer"/>
		
	<bean id="commandLogger" class="org.garred.skeleton.infrastructure.HashMapMessageLogger" />
	<bean id="eventLogger" class="org.garred.skeleton.infrastructure.HashMapMessageLogger" />
		
	<bean id="commandBus" class="com.nullgeodesic.cqrs.CommandBus" />
	<bean id="eventBus" class="com.google.common.eventbus.EventBus" />
<!-- 
	<bean id="skelCommandHandler" class="org.garred.skeleton.SkelCommandHandler"
		c:commandBus-ref="commandBus"
		c:eventBus-ref="eventBus" 
		p:commandLogger-ref="commandLogger" 
		p:eventLogger-ref="eventLogger" />
 -->

	<bean id="skeletonRepo" class="org.garred.skeleton.infrastructure.SkeletonRepositoryImpl"
		c:objectStore-ref="objectStore" />
	<bean id="skelEventHandler" class="org.garred.skeleton.SkelEventHandler"
		c:repository-ref="skeletonRepo" 
		c:eventBus-ref="eventBus"/>
		
	<bean id="scheduler" class="org.springframework.scheduling.quartz.SchedulerFactoryBean"
		p:applicationContextSchedulerContextKey="applicationContext"/>
		
	<bean id="commandScheduler" class="org.garred.skeleton.infrastructure.CommandScheduler" 
		c:commandBus-ref="commandBus"
		c:serializer-ref="serializer"
		c:scheduler-ref="scheduler" />

<!-- 
	<tx:annotation-driven transaction-manager="transactionManager" />
	<bean class="org.springframework.orm.jpa.JpaTransactionManager" id="transactionManager" />
 -->	

	<beans profile="postgres">
		<bean id="dataSource" class="org.springframework.jdbc.datasource.DriverManagerDataSource">
			<property name="driverClassName" value="${jdbc.driverClassName}" />
			<property name="url" value="${jdbc.url}" />
			<property name="username" value="${jdbc.username}" />
			<property name="password" value="${jdbc.password}" />
		</bean>
	</beans>
</beans>